<?xml version="1.0" encoding="UTF-8"?>
<!-- Generated by org.testng.reporters.JUnitReportReporter -->
<testsuite hostname="LAPTOP-P6I5ANOL" failures="0" tests="1" name="testNG.SwappingVariables" time="0.008" errors="0" timestamp="2022-10-23T18:10:21 EDT" skipped="0">
  <testcase classname="testNG.SwappingVariables" name="revArr" time="0.008"/>
  <system-out/>
</testsuite> <!-- testNG.SwappingVariables -->
