<?xml version="1.0" encoding="UTF-8"?>
<!-- Generated by org.testng.reporters.JUnitReportReporter -->
<testsuite hostname="LAPTOP-P6I5ANOL" failures="0" tests="1" name="runners.TestRunner" time="13.992" errors="0" timestamp="2022-11-02T15:47:19 EDT" skipped="0">
  <testcase classname="runners.TestRunner" name="runScenario" time="13.992"/>
  <system-out/>
</testsuite> <!-- runners.TestRunner -->
