<?xml version="1.0" encoding="UTF-8"?>
<!-- Generated by org.testng.reporters.JUnitReportReporter -->
<testsuite hostname="LAPTOP-P6I5ANOL" failures="0" tests="1" name="practiceSteps.AAPC_HomePage" time="6.002" errors="0" timestamp="2022-11-15T15:42:55 EST" skipped="0">
  <testcase classname="practiceSteps.AAPC_HomePage" name="checkCulture" time="6.002"/>
  <system-out/>
</testsuite> <!-- practiceSteps.AAPC_HomePage -->
